<?xml version="1.0" encoding="UTF-8"?>
<testng-results skipped="0" failed="0" total="2" passed="2">
  <reporter-output>
  </reporter-output>
  <suite name="Suite" duration-ms="15365" started-at="2015-10-04T22:07:42Z" finished-at="2015-10-04T22:07:58Z">
    <groups>
    </groups>
    <test name="Test" duration-ms="15365" started-at="2015-10-04T22:07:42Z" finished-at="2015-10-04T22:07:58Z">
      <class name="com.limetray.app.user_creation_run">
        <test-method status="PASS" signature="user_creation_testng()[pri:0, instance:com.limetray.app.user_creation_run@3d56fb2]" name="user_creation_testng" duration-ms="9932" started-at="2015-10-04T22:07:42Z" finished-at="2015-10-04T22:07:52Z">
        </test-method>
        <test-method status="PASS" signature="user_creation_send_email()[pri:1, instance:com.limetray.app.user_creation_run@3d56fb2]" name="user_creation_send_email" duration-ms="5363" started-at="2015-10-04T22:07:52Z" finished-at="2015-10-04T22:07:58Z">
        </test-method>
      </class>
    </test>
  </suite>
</testng-results>
